<?xml version="1.0" encoding="UTF-8"?>
<!-- Generated by org.testng.reporters.JUnitReportReporter -->
<testsuite skipped="0" hostname="DESKTOP-JKFR8EF" name="com.jacksonville.tests.OfficeLocatorTests" tests="3" failures="0" timestamp="05 Jul 2017 07:16:44 GMT" time="50.450" errors="0">
  <testcase name="filterByAllTest" time="20.189" classname="com.jacksonville.tests.OfficeLocatorTests"/>
  <testcase name="filterByOpenYourRoundTest" time="16.127" classname="com.jacksonville.tests.OfficeLocatorTests"/>
  <testcase name="filterByWallmartTest" time="14.134" classname="com.jacksonville.tests.OfficeLocatorTests"/>
</testsuite> <!-- com.jacksonville.tests.OfficeLocatorTests -->
