<?xml version="1.0" encoding="UTF-8"?>
<!-- Generated by org.testng.reporters.JUnitReportReporter -->
<testsuite skipped="0" hostname="DESKTOP-JKFR8EF" name="com.jacksonville.tests.HomepageTests" tests="5" failures="0" timestamp="05 Jul 2017 07:16:44 GMT" time="45.469" errors="0">
  <testcase name="linksCountTest" time="9.756" classname="com.jacksonville.tests.HomepageTests"/>
  <testcase name="click4ThLinkGetInformed" time="10.866" classname="com.jacksonville.tests.HomepageTests"/>
  <testcase name="getPageSourceTest" time="8.276" classname="com.jacksonville.tests.HomepageTests"/>
  <testcase name="titleAndUrlTest" time="8.807" classname="com.jacksonville.tests.HomepageTests"/>
  <testcase name="dropdownAuthLinkTest" time="7.764" classname="com.jacksonville.tests.HomepageTests"/>
</testsuite> <!-- com.jacksonville.tests.HomepageTests -->
