<?xml version="1.0" encoding="UTF-8"?>
<!-- Generated by org.testng.reporters.JUnitReportReporter -->
<testsuite skipped="0" hostname="DESKTOP-JKFR8EF" name="com.jacksonville.tests.HomepageHoverTest" tests="3" failures="0" timestamp="06 Jul 2017 02:15:29 GMT" time="39.271" errors="0">
  <testcase name="hoverFBElementTest" time="9.080" classname="com.jacksonville.tests.HomepageHoverTest"/>
  <testcase name="clickHoverElementLinksTest" time="21.701" classname="com.jacksonville.tests.HomepageHoverTest"/>
  <testcase name="hoverDownArrowTest" time="8.490" classname="com.jacksonville.tests.HomepageHoverTest"/>
</testsuite> <!-- com.jacksonville.tests.HomepageHoverTest -->
