<?xml version="1.0" encoding="UTF-8"?>
<!-- Generated by org.testng.reporters.JUnitReportReporter -->
<testsuite skipped="0" hostname="DESKTOP-JKFR8EF" name="com.jacksonville.tests.PropUtilTest" tests="3" failures="0" timestamp="05 Jul 2017 07:16:44 GMT" time="32.419" errors="0">
  <testcase name="getBrowserTest" time="11.841" classname="com.jacksonville.tests.PropUtilTest"/>
  <testcase name="screenShotTest" time="11.043" classname="com.jacksonville.tests.PropUtilTest"/>
  <testcase name="propUtilTest" time="9.535" classname="com.jacksonville.tests.PropUtilTest"/>
</testsuite> <!-- com.jacksonville.tests.PropUtilTest -->
