<?xml version="1.0" encoding="UTF-8"?>
<!-- Generated by org.testng.reporters.JUnitReportReporter -->
<testsuite skipped="0" hostname="DESKTOP-JKFR8EF" name="com.jacksonville.tests.HomepageHoverTest" tests="1" failures="0" timestamp="06 Jul 2017 02:19:27 GMT" time="23.231" errors="0">
  <testcase name="clickHoverElementLinksTest" time="23.231" classname="com.jacksonville.tests.HomepageHoverTest"/>
</testsuite> <!-- com.jacksonville.tests.HomepageHoverTest -->
