<?xml version="1.0" encoding="UTF-8"?>
<!-- Generated by org.testng.reporters.JUnitReportReporter -->
<testsuite skipped="0" hostname="DESKTOP-JKFR8EF" name="com.jacksonville.tests.OfficeLocatorTests" tests="3" failures="0" timestamp="06 Jul 2017 02:19:27 GMT" time="42.349" errors="0">
  <testcase name="filterByWallmartTest" time="14.592" classname="com.jacksonville.tests.OfficeLocatorTests"/>
  <testcase name="filterByAllTest" time="14.536" classname="com.jacksonville.tests.OfficeLocatorTests"/>
  <testcase name="filterByOpenYourRoundTest" time="13.221" classname="com.jacksonville.tests.OfficeLocatorTests"/>
</testsuite> <!-- com.jacksonville.tests.OfficeLocatorTests -->
